<?xml version="1.0" encoding="UTF-8"?>
<testng-results ignored="0" total="1" passed="1" failed="0" skipped="0">
  <reporter-output>
  </reporter-output>
  <suite started-at="2022-08-02T19:32:24 IST" name="Default suite" finished-at="2022-08-02T19:32:24 IST" duration-ms="80">
    <groups>
    </groups>
    <test started-at="2022-08-02T19:32:24 IST" name="Default test" finished-at="2022-08-02T19:32:24 IST" duration-ms="80">
      <class name="excel_Data_Driven_Testing_7.DataDriven_Excel_8">
        <test-method signature="dataDrivenDemoMethod()[pri:0, instance:excel_Data_Driven_Testing_7.DataDriven_Excel_8@156b88f5]" started-at="2022-08-02T19:32:24 IST" name="dataDrivenDemoMethod" finished-at="2022-08-02T19:32:24 IST" duration-ms="13" status="PASS">
          <reporter-output>
          </reporter-output>
        </test-method> <!-- dataDrivenDemoMethod -->
      </class> <!-- excel_Data_Driven_Testing_7.DataDriven_Excel_8 -->
    </test> <!-- Default test -->
  </suite> <!-- Default suite -->
</testng-results>
