<?xml version="1.0" encoding="UTF-8"?>
<!-- Generated by org.testng.reporters.JUnitXMLReporter -->
<testsuite ignored="0" hostname="DESKTOP-8CNA17E" failures="1" tests="2" name="Class1 Tests" time="0.102" errors="0" timestamp="2022-06-14T21:12:04 IST">
  <testcase classname="testNG_4.Class1" name="testMethod1" time="0.015"/>
  <testcase classname="testNG_4.Class1" name="testMethod2" time="0.021">
    <failure type="java.lang.AssertionError" message="expected [true] but found [false]">
      <![CDATA[java.lang.AssertionError: expected [true] but found [false]
at testNG_4.Class1.testMethod2(Class1.java:20)
at java.base/java.util.ArrayList.forEach(ArrayList.java:1511)
... Removed 31 stack frames]]>
    </failure>
  </testcase> <!-- testMethod2 -->
</testsuite> <!-- Class1 Tests -->
