<?xml version="1.0" encoding="UTF-8"?>
<!-- Generated by org.testng.reporters.JUnitXMLReporter -->
<testsuite ignored="0" hostname="DESKTOP-8CNA17E" failures="0" tests="4" name="Test" time="0.1" errors="0" timestamp="2022-06-11T20:57:37 IST">
  <testcase classname="testNG_4.Class1" name="testMethod1" time="0.015"/>
  <testcase classname="testNG_4.Class1" name="testMethod2" time="0.003"/>
  <testcase classname="testNG_4.Class2" name="testMethod1" time="0.003"/>
  <testcase classname="testNG_4.Class2" name="testMethod2" time="0.003"/>
</testsuite> <!-- Test -->
